Case 1: X: 0 Y: 1 Direction: North
Case 2: X: 0 Y: -1 Direction: North
Case 3: X: 0 Y: 0 Direction: East
Case 4: X: 0 Y: 0 Direction: West
Case 5: X: 0 Y: 4 Direction: North
Case 6: X: 0 Y: -4 Direction: North
Case 7: X: 0 Y: 0 Direction: West
Case 8: X: 0 Y: 0 Direction: East
Case 9: X: 4 Y: 3 Direction: North
Case 10: X: -4 Y: -3 Direction: North
Case 11: X: -2 Y: -2 Direction: West
Case 12: X: 0 Y: 999 Direction: North
Case 13: X: 0 Y: -999 Direction: North
Case 14: X: 0 Y: 0 Direction: West
Case 15: X: 0 Y: 0 Direction: East
Case 16: X: 0 Y: 0 Direction: South
Case 17: X: 0 Y: 555 Direction: South
Case 18: X: 0 Y: 1000 Direction: North
Case 19: X: 0 Y: 742 Direction: North
Case 20: X: 0 Y: -599 Direction: North
Case 21: X: 4 Y: 3 Direction: North
Case 22: X: 7 Y: -12 Direction: South
Case 23: X: -210 Y: -150 Direction: West
Case 24: X: -99 Y: 88 Direction: East
Case 25: X: 1000000 Y: 55555 Direction: East
Case 26: X: 0 Y: -80000 Direction: West
